  syndic.c
D:\Coding projects\C_Recipes\Chapter 7 - Self-Referential Structures\7-2 Create a Linked List Using Anonymous Variables 4\syndic.c(10,2): error C2061: syntax error: identifier 'Node'
D:\Coding projects\C_Recipes\Chapter 7 - Self-Referential Structures\7-2 Create a Linked List Using Anonymous Variables 4\syndic.c(12,1): error C2059: syntax error: '}'
D:\Coding projects\C_Recipes\Chapter 7 - Self-Referential Structures\7-2 Create a Linked List Using Anonymous Variables 4\syndic.c(14,18): error C2143: syntax error: missing ')' before '*'
D:\Coding projects\C_Recipes\Chapter 7 - Self-Referential Structures\7-2 Create a Linked List Using Anonymous Variables 4\syndic.c(14,18): error C2143: syntax error: missing '{' before '*'
D:\Coding projects\C_Recipes\Chapter 7 - Self-Referential Structures\7-2 Create a Linked List Using Anonymous Variables 4\syndic.c(14,24): error C2059: syntax error: ')'
D:\Coding projects\C_Recipes\Chapter 7 - Self-Referential Structures\7-2 Create a Linked List Using Anonymous Variables 4\syndic.c(18,2): error C2065: 'Node': undeclared identifier
D:\Coding projects\C_Recipes\Chapter 7 - Self-Referential Structures\7-2 Create a Linked List Using Anonymous Variables 4\syndic.c(18,8): error C2065: 'start': undeclared identifier
D:\Coding projects\C_Recipes\Chapter 7 - Self-Referential Structures\7-2 Create a Linked List Using Anonymous Variables 4\syndic.c(18,6): warning C4552: '*': result of expression not used
D:\Coding projects\C_Recipes\Chapter 7 - Self-Referential Structures\7-2 Create a Linked List Using Anonymous Variables 4\syndic.c(20,2): error C2065: 'start': undeclared identifier
D:\Coding projects\C_Recipes\Chapter 7 - Self-Referential Structures\7-2 Create a Linked List Using Anonymous Variables 4\syndic.c(20,9): error C2223: left of '->name' must point to struct/union
D:\Coding projects\C_Recipes\Chapter 7 - Self-Referential Structures\7-2 Create a Linked List Using Anonymous Variables 4\syndic.c(21,2): error C2065: 'start': undeclared identifier
D:\Coding projects\C_Recipes\Chapter 7 - Self-Referential Structures\7-2 Create a Linked List Using Anonymous Variables 4\syndic.c(21,9): error C2223: left of '->next' must point to struct/union
D:\Coding projects\C_Recipes\Chapter 7 - Self-Referential Structures\7-2 Create a Linked List Using Anonymous Variables 4\syndic.c(21,17): error C2065: 'Node': undeclared identifier
D:\Coding projects\C_Recipes\Chapter 7 - Self-Referential Structures\7-2 Create a Linked List Using Anonymous Variables 4\syndic.c(21,22): error C2059: syntax error: ')'
D:\Coding projects\C_Recipes\Chapter 7 - Self-Referential Structures\7-2 Create a Linked List Using Anonymous Variables 4\syndic.c(23,2): error C2065: 'start': undeclared identifier
D:\Coding projects\C_Recipes\Chapter 7 - Self-Referential Structures\7-2 Create a Linked List Using Anonymous Variables 4\syndic.c(23,9): error C2223: left of '->next' must point to struct/union
D:\Coding projects\C_Recipes\Chapter 7 - Self-Referential Structures\7-2 Create a Linked List Using Anonymous Variables 4\syndic.c(24,2): error C2065: 'start': undeclared identifier
D:\Coding projects\C_Recipes\Chapter 7 - Self-Referential Structures\7-2 Create a Linked List Using Anonymous Variables 4\syndic.c(24,9): error C2223: left of '->next' must point to struct/union
D:\Coding projects\C_Recipes\Chapter 7 - Self-Referential Structures\7-2 Create a Linked List Using Anonymous Variables 4\syndic.c(24,23): error C2065: 'Node': undeclared identifier
D:\Coding projects\C_Recipes\Chapter 7 - Self-Referential Structures\7-2 Create a Linked List Using Anonymous Variables 4\syndic.c(24,28): error C2059: syntax error: ')'
D:\Coding projects\C_Recipes\Chapter 7 - Self-Referential Structures\7-2 Create a Linked List Using Anonymous Variables 4\syndic.c(26,2): error C2065: 'start': undeclared identifier
D:\Coding projects\C_Recipes\Chapter 7 - Self-Referential Structures\7-2 Create a Linked List Using Anonymous Variables 4\syndic.c(26,9): error C2223: left of '->next' must point to struct/union
D:\Coding projects\C_Recipes\Chapter 7 - Self-Referential Structures\7-2 Create a Linked List Using Anonymous Variables 4\syndic.c(27,2): error C2065: 'start': undeclared identifier
D:\Coding projects\C_Recipes\Chapter 7 - Self-Referential Structures\7-2 Create a Linked List Using Anonymous Variables 4\syndic.c(27,9): error C2223: left of '->next' must point to struct/union
D:\Coding projects\C_Recipes\Chapter 7 - Self-Referential Structures\7-2 Create a Linked List Using Anonymous Variables 4\syndic.c(27,29): error C2065: 'Node': undeclared identifier
D:\Coding projects\C_Recipes\Chapter 7 - Self-Referential Structures\7-2 Create a Linked List Using Anonymous Variables 4\syndic.c(27,34): error C2059: syntax error: ')'
D:\Coding projects\C_Recipes\Chapter 7 - Self-Referential Structures\7-2 Create a Linked List Using Anonymous Variables 4\syndic.c(29,2): error C2065: 'start': undeclared identifier
D:\Coding projects\C_Recipes\Chapter 7 - Self-Referential Structures\7-2 Create a Linked List Using Anonymous Variables 4\syndic.c(29,9): error C2223: left of '->next' must point to struct/union
D:\Coding projects\C_Recipes\Chapter 7 - Self-Referential Structures\7-2 Create a Linked List Using Anonymous Variables 4\syndic.c(30,2): error C2065: 'start': undeclared identifier
D:\Coding projects\C_Recipes\Chapter 7 - Self-Referential Structures\7-2 Create a Linked List Using Anonymous Variables 4\syndic.c(30,9): error C2223: left of '->next' must point to struct/union
D:\Coding projects\C_Recipes\Chapter 7 - Self-Referential Structures\7-2 Create a Linked List Using Anonymous Variables 4\syndic.c(36,18): error C2143: syntax error: missing ')' before '*'
D:\Coding projects\C_Recipes\Chapter 7 - Self-Referential Structures\7-2 Create a Linked List Using Anonymous Variables 4\syndic.c(36,18): error C2143: syntax error: missing '{' before '*'
D:\Coding projects\C_Recipes\Chapter 7 - Self-Referential Structures\7-2 Create a Linked List Using Anonymous Variables 4\syndic.c(36,24): error C2059: syntax error: ')'
D:\Coding projects\C_Recipes\Chapter 7 - Self-Referential Structures\7-2 Create a Linked List Using Anonymous Variables 4\syndic.c(36,20): error C2054: expected '(' to follow 'node'
